# Docs Generate
command: C:\Program Files\nodejs\node.exe scripts/generate-documentation-suite.js
started_at: 2026-03-06T00:52:46.608Z
ended_at: 2026-03-06T00:52:46.880Z
duration_ms: 272
status_code: 0

## stdout
{
  "status": "pass",
  "generated_at": "2026-03-06T00:52:46.864Z",
  "root": "V:\\dicccc",
  "outputs": {
    "file_catalog": {
      "status": "pass",
      "generated_at": "2026-03-06T00:52:46.820Z",
      "root": "V:/dicccc",
      "markdown_file": "docs/reference/file_catalog.md",
      "json_file": "docs/reference/file_catalog.json",
      "file_count": 1583,
      "total_bytes": 17530998
    },
    "runtime_visuals": {
      "status": "pass",
      "generated_at": "2026-03-06T00:52:46.838Z",
      "dashboard_file": "docs/visuals/runtime_dashboard.md",
      "summary_file": "docs/visuals/runtime_dashboard.json",
      "assets": {
        "runtime_language_total_ms": "docs/visuals/assets/runtime_language_total_ms.svg",
        "workflow_stage_timeline": "docs/visuals/assets/workflow_stage_timeline.svg",
        "runtime_stage_coverage": "docs/visuals/assets/runtime_stage_coverage.svg",
        "token_optimization_progress": "docs/visuals/assets/token_optimization_progress.svg",
        "feature_update_footprint": "docs/visuals/assets/feature_update_footprint.svg",
        "weekly_progress_trend": "docs/visuals/assets/weekly_progress_trend.svg"
      },
      "overall_winner_language": "javascript"
    }
  }
}


## stderr
