# Repo Equivalents Generate
command: C:\Program Files\nodejs\node.exe scripts/generate-repo-polyglot-equivalents.js
started_at: 2026-03-06T00:51:47.507Z
ended_at: 2026-03-06T00:51:47.979Z
duration_ms: 472
status_code: 0

## stdout
{
  "status": "pass",
  "mode": "write",
  "generated_at": "2026-03-06T00:51:47.964Z",
  "root": ".",
  "metrics": {
    "target_file_count": 828,
    "stale_files_removed": 0,
    "js_file_count": 275
  },
  "outputs": {
    "python_root": "data/output/databases/polyglot-default/build/generated/repo_polyglot_equivalents/python",
    "cpp_root": "data/output/databases/polyglot-default/build/generated/repo_polyglot_equivalents/cpp",
    "ruby_root": "data/output/databases/polyglot-default/build/generated/repo_polyglot_equivalents/ruby",
    "catalog_file": "data/output/databases/polyglot-default/build/repo_polyglot_equivalents_catalog.json"
  }
}


## stderr
