# Script Equivalents Generate
command: C:\Program Files\nodejs\node.exe scripts/generate-script-polyglot-equivalents.js
started_at: 2026-03-06T00:51:47.405Z
ended_at: 2026-03-06T00:51:47.507Z
duration_ms: 102
status_code: 0

## stdout
{
  "status": "pass",
  "mode": "write",
  "generated_at": "2026-03-06T00:51:47.493Z",
  "root": "V:\\dicccc",
  "metrics": {
    "target_file_count": 108,
    "stale_files_removed": 0,
    "script_count": 53
  },
  "outputs": {
    "python_root": "scripts/polyglot/equivalents/python",
    "cpp_root": "scripts/polyglot/equivalents/cpp",
    "catalog_file": "data/output/databases/polyglot-default/build/script_polyglot_equivalents_catalog.json"
  }
}


## stderr
